2020-04-29 21:04:742 INFO  BrowserSelector :20 - Launching Chrome Browser
2020-04-29 21:04:420 INFO  HomePage :33 - Clicking on Accept Tab : [[ChromeDriver: chrome on WINDOWS (b54dc7890a94c91445682ee143d9e6c5)] -> xpath: //span[@class='button-text']]
2020-04-29 21:04:549 INFO  HomePage :39 - Clicking on Account Tab : [[ChromeDriver: chrome on WINDOWS (b54dc7890a94c91445682ee143d9e6c5)] -> xpath: //button[@id='header-account-menu']]
2020-04-29 21:04:765 INFO  HomePage :45 - Clicking on Sign In Tab : [[ChromeDriver: chrome on WINDOWS (b54dc7890a94c91445682ee143d9e6c5)] -> xpath: //button[@id='header-account-signin-button']]
2020-04-29 21:04:970 INFO  SignInPage :41 - Entering Email Id : lameethev2@gmail.com [[ChromeDriver: chrome on WINDOWS (b54dc7890a94c91445682ee143d9e6c5)] -> id: gss-signin-email]
2020-04-29 21:04:431 INFO  SignInPage :48 - Entering Password  : lamee@1988 [[ChromeDriver: chrome on WINDOWS (b54dc7890a94c91445682ee143d9e6c5)] -> id: gss-signin-password]
2020-04-29 21:04:576 INFO  SignInPage :54 - Clicking on Sign In Button  : [[ChromeDriver: chrome on WINDOWS (b54dc7890a94c91445682ee143d9e6c5)] -> id: gss-signin-submit]
2020-04-29 21:04:661 INFO  SignInPage :59 - Verify My List Tab Message  : My Lists [[ChromeDriver: chrome on WINDOWS (b54dc7890a94c91445682ee143d9e6c5)] -> xpath: //span[@class='sp-name']]
2020-04-29 21:04:740 INFO  BrowserSelector :20 - Launching Chrome Browser
2020-04-29 21:04:926 INFO  HomePage :33 - Clicking on Accept Tab : [[ChromeDriver: chrome on WINDOWS (e404f76ae5ad89c9e667fe16f48fb5a1)] -> xpath: //span[@class='button-text']]
2020-04-29 21:04:91 INFO  HomePage :39 - Clicking on Account Tab : [[ChromeDriver: chrome on WINDOWS (e404f76ae5ad89c9e667fe16f48fb5a1)] -> xpath: //button[@id='header-account-menu']]
2020-04-29 21:04:326 INFO  HomePage :45 - Clicking on Sign In Tab : [[ChromeDriver: chrome on WINDOWS (e404f76ae5ad89c9e667fe16f48fb5a1)] -> xpath: //button[@id='header-account-signin-button']]
2020-04-29 21:04:518 INFO  SignInPage :41 - Entering Email Id : lameethev@gmail.com [[ChromeDriver: chrome on WINDOWS (e404f76ae5ad89c9e667fe16f48fb5a1)] -> id: gss-signin-email]
2020-04-29 21:04:749 INFO  SignInPage :48 - Entering Password  : lamee123 [[ChromeDriver: chrome on WINDOWS (e404f76ae5ad89c9e667fe16f48fb5a1)] -> id: gss-signin-password]
2020-04-29 21:04:879 INFO  SignInPage :54 - Clicking on Sign In Button  : [[ChromeDriver: chrome on WINDOWS (e404f76ae5ad89c9e667fe16f48fb5a1)] -> id: gss-signin-submit]
2020-04-29 21:04:963 INFO  SignInPage :72 - Verify Error Message  : You may have entered an unknown email address or an incorrect password [[ChromeDriver: chrome on WINDOWS (e404f76ae5ad89c9e667fe16f48fb5a1)] -> id: gss-signin-incorrect-email-or-password]
2020-04-29 21:04:720 INFO  BrowserSelector :20 - Launching Chrome Browser
2020-04-29 21:04:911 INFO  HomePage :33 - Clicking on Accept Tab : [[ChromeDriver: chrome on WINDOWS (04c85182cda4cae7d77a91784696992d)] -> xpath: //span[@class='button-text']]
2020-04-29 21:04:218 INFO  HomePage :51 - Clicking on Flights Tab : [[ChromeDriver: chrome on WINDOWS (04c85182cda4cae7d77a91784696992d)] -> xpath: //span[contains(text(),'Flights')]]
2020-04-29 21:04:199 INFO  FlightsPage :49 - Entering Origin City : London (LHR-Heathrow) On Flying from field [[ChromeDriver: chrome on WINDOWS (04c85182cda4cae7d77a91784696992d)] -> xpath: //input[@id='flight-origin-hp-flight']]
2020-04-29 21:04:574 INFO  FlightsPage :55 - Entering Destination City : Colombo (CMB-Bandaranaike Intl.) On Destination field [[ChromeDriver: chrome on WINDOWS (04c85182cda4cae7d77a91784696992d)] -> xpath: //input[@id='flight-origin-hp-flight']]
2020-04-29 21:04:371 INFO  FlightsPage :62 - Entering Departure date : 05/05/2020 Departing Date [[ChromeDriver: chrome on WINDOWS (04c85182cda4cae7d77a91784696992d)] -> xpath: //input[@id='flight-departing-hp-flight']]
2020-04-29 21:04:496 INFO  FlightsPage :73 - Entering Returning date : 12/05/2020 Returning Date [[ChromeDriver: chrome on WINDOWS (04c85182cda4cae7d77a91784696992d)] -> xpath: //input[@id='flight-returning-hp-flight']]
2020-04-29 21:04:820 INFO  FlightsPage :80 - Clicking  on Travellers Button : [[ChromeDriver: chrome on WINDOWS (04c85182cda4cae7d77a91784696992d)] -> xpath: //div[@class='menu-bar gcw-travel-selector-wrapper']//button[@class='trigger-utility menu-trigger btn-utility btn-secondary dropdown-toggle theme-standard pin-left menu-arrow gcw-component gcw-traveler-amount-select gcw-component-initialized']]
2020-04-29 21:04:219 INFO  FlightsPage :88 - Clicking  on No of Adults Button  : Proxy element for: DefaultElementLocator 'By.xpath: //body[contains(@class,'')]/meso-native-marquee/section[@id='WizardHero']/div[@id='hero-banner']/div[contains(@class,'hero-banner-gradient native-marquee')]/div[contains(@class,'cols-row hero-banner-inner')]/section[@id='wizardSection']/div[contains(@class,'hero-banner-box siteId-3 cf hideClassicDcol')]/div[@id='wizard-tabs']/div[contains(@class,'tabs-container col')]/section[@id='section-flight-tab-hp']/form[@id='gcw-flights-form-hp-flight']/fieldset[contains(@class,'room-data')]/div[contains(@class,'cols-nested')]/div[contains(@class,'ab25184-traveler-wrapper-flight available-for-flights gcw-clear-both')]/div[@id='traveler-selector-hp-flight']/div[contains(@class,'menu-bar gcw-travel-selector-wrapper')]/ul[contains(@class,'menu-bar-inner')]/li[contains(@class,'open')]/div[contains(@class,'menu sticky gcw-menu')]/div[contains(@class,'menu-main')]/div[contains(@class,'traveler-selector-sinlge-room-data traveler-selector-room-data')]/div[contains(@class,'uitk-grid step-input-outside gcw-component gcw-component-step-input gcw-step-input gcw-component-initialized')]/div[contains(@class,'uitk-col all-col-shrink')]/button[contains(@class,'uitk-step-input-button uitk-step-input-plus')]/span[1]//*[local-name()='svg']'
2020-04-29 21:04:240 INFO  FlightsPage :89 - Clicking  on Close Button  : Proxy element for: DefaultElementLocator 'By.xpath: //li[contains(@class,'open')]//button[contains(@class,'close btn-text')]'
2020-04-29 21:04:810 INFO  FlightsPage :95 - Clicking  on Seacrch Button   : Proxy element for: DefaultElementLocator 'By.xpath: //form[@id='gcw-flights-form-hp-flight']//button[contains(@class,'btn-primary btn-action gcw-submit')]'
2020-04-29 21:04:874 INFO  FlightsResultPage :26 - Verify Destination City Message  : [[ChromeDriver: chrome on WINDOWS (04c85182cda4cae7d77a91784696992d)] -> xpath: //span[@class='title-city-text']]
2020-04-29 21:04:931 INFO  BrowserSelector :20 - Launching Chrome Browser
2020-04-29 21:04:261 INFO  HomePage :33 - Clicking on Accept Tab : [[ChromeDriver: chrome on WINDOWS (665e55b0ed16c95f5ee8e5ec4f08e9e9)] -> xpath: //span[@class='button-text']]
2020-04-29 21:04:593 INFO  HomePage :51 - Clicking on Flights Tab : [[ChromeDriver: chrome on WINDOWS (665e55b0ed16c95f5ee8e5ec4f08e9e9)] -> xpath: //span[contains(text(),'Flights')]]
2020-04-29 21:04:75 INFO  FlightsPage :49 - Entering Origin City : Colombo (CMB-Bandaranaike Intl.) On Flying from field [[ChromeDriver: chrome on WINDOWS (665e55b0ed16c95f5ee8e5ec4f08e9e9)] -> xpath: //input[@id='flight-origin-hp-flight']]
2020-04-29 21:04:266 INFO  FlightsPage :55 - Entering Destination City : London (LHR-Heathrow) On Destination field [[ChromeDriver: chrome on WINDOWS (665e55b0ed16c95f5ee8e5ec4f08e9e9)] -> xpath: //input[@id='flight-origin-hp-flight']]
2020-04-29 21:04:751 INFO  FlightsPage :62 - Entering Departure date : 03/06/2020 Departing Date [[ChromeDriver: chrome on WINDOWS (665e55b0ed16c95f5ee8e5ec4f08e9e9)] -> xpath: //input[@id='flight-departing-hp-flight']]
2020-04-29 21:04:330 INFO  FlightsPage :73 - Entering Returning date : 12/06/2020 Returning Date [[ChromeDriver: chrome on WINDOWS (665e55b0ed16c95f5ee8e5ec4f08e9e9)] -> xpath: //input[@id='flight-returning-hp-flight']]
2020-04-29 21:04:571 INFO  FlightsPage :80 - Clicking  on Travellers Button : [[ChromeDriver: chrome on WINDOWS (665e55b0ed16c95f5ee8e5ec4f08e9e9)] -> xpath: //div[@class='menu-bar gcw-travel-selector-wrapper']//button[@class='trigger-utility menu-trigger btn-utility btn-secondary dropdown-toggle theme-standard pin-left menu-arrow gcw-component gcw-traveler-amount-select gcw-component-initialized']]
2020-04-29 21:04:874 INFO  FlightsPage :88 - Clicking  on No of Adults Button  : Proxy element for: DefaultElementLocator 'By.xpath: //body[contains(@class,'')]/meso-native-marquee/section[@id='WizardHero']/div[@id='hero-banner']/div[contains(@class,'hero-banner-gradient native-marquee')]/div[contains(@class,'cols-row hero-banner-inner')]/section[@id='wizardSection']/div[contains(@class,'hero-banner-box siteId-3 cf hideClassicDcol')]/div[@id='wizard-tabs']/div[contains(@class,'tabs-container col')]/section[@id='section-flight-tab-hp']/form[@id='gcw-flights-form-hp-flight']/fieldset[contains(@class,'room-data')]/div[contains(@class,'cols-nested')]/div[contains(@class,'ab25184-traveler-wrapper-flight available-for-flights gcw-clear-both')]/div[@id='traveler-selector-hp-flight']/div[contains(@class,'menu-bar gcw-travel-selector-wrapper')]/ul[contains(@class,'menu-bar-inner')]/li[contains(@class,'open')]/div[contains(@class,'menu sticky gcw-menu')]/div[contains(@class,'menu-main')]/div[contains(@class,'traveler-selector-sinlge-room-data traveler-selector-room-data')]/div[contains(@class,'uitk-grid step-input-outside gcw-component gcw-component-step-input gcw-step-input gcw-component-initialized')]/div[contains(@class,'uitk-col all-col-shrink')]/button[contains(@class,'uitk-step-input-button uitk-step-input-plus')]/span[1]//*[local-name()='svg']'
2020-04-29 21:04:915 INFO  FlightsPage :89 - Clicking  on Close Button  : Proxy element for: DefaultElementLocator 'By.xpath: //li[contains(@class,'open')]//button[contains(@class,'close btn-text')]'
2020-04-29 21:04:312 INFO  FlightsPage :95 - Clicking  on Seacrch Button   : Proxy element for: DefaultElementLocator 'By.xpath: //form[@id='gcw-flights-form-hp-flight']//button[contains(@class,'btn-primary btn-action gcw-submit')]'
2020-04-29 21:04:365 INFO  FlightsResultPage :26 - Verify Destination City Message  : [[ChromeDriver: chrome on WINDOWS (665e55b0ed16c95f5ee8e5ec4f08e9e9)] -> xpath: //span[@class='title-city-text']]
2020-04-29 21:04:959 INFO  BrowserSelector :20 - Launching Chrome Browser
2020-04-29 21:04:973 INFO  HomePage :33 - Clicking on Accept Tab : [[ChromeDriver: chrome on WINDOWS (f08461615259ac84f225748a8a90886f)] -> xpath: //span[@class='button-text']]
2020-04-29 21:04:274 INFO  HomePage :51 - Clicking on Flights Tab : [[ChromeDriver: chrome on WINDOWS (f08461615259ac84f225748a8a90886f)] -> xpath: //span[contains(text(),'Flights')]]
2020-04-29 21:04:448 INFO  FlightsPage :49 - Entering Origin City : Toronto, ON (YTZ-Billy Bishop Toronto City) On Flying from field [[ChromeDriver: chrome on WINDOWS (f08461615259ac84f225748a8a90886f)] -> xpath: //input[@id='flight-origin-hp-flight']]
2020-04-29 21:04:667 INFO  FlightsPage :55 - Entering Destination City : London (LHR-Heathrow) On Destination field [[ChromeDriver: chrome on WINDOWS (f08461615259ac84f225748a8a90886f)] -> xpath: //input[@id='flight-origin-hp-flight']]
2020-04-29 21:04:373 INFO  FlightsPage :62 - Entering Departure date : 02/09/2020 Departing Date [[ChromeDriver: chrome on WINDOWS (f08461615259ac84f225748a8a90886f)] -> xpath: //input[@id='flight-departing-hp-flight']]
2020-04-29 21:04:214 INFO  FlightsPage :73 - Entering Returning date : 22/09/2020 Returning Date [[ChromeDriver: chrome on WINDOWS (f08461615259ac84f225748a8a90886f)] -> xpath: //input[@id='flight-returning-hp-flight']]
2020-04-29 21:04:452 INFO  FlightsPage :80 - Clicking  on Travellers Button : [[ChromeDriver: chrome on WINDOWS (f08461615259ac84f225748a8a90886f)] -> xpath: //div[@class='menu-bar gcw-travel-selector-wrapper']//button[@class='trigger-utility menu-trigger btn-utility btn-secondary dropdown-toggle theme-standard pin-left menu-arrow gcw-component gcw-traveler-amount-select gcw-component-initialized']]
2020-04-29 21:04:804 INFO  FlightsPage :88 - Clicking  on No of Adults Button  : Proxy element for: DefaultElementLocator 'By.xpath: //body[contains(@class,'')]/meso-native-marquee/section[@id='WizardHero']/div[@id='hero-banner']/div[contains(@class,'hero-banner-gradient native-marquee')]/div[contains(@class,'cols-row hero-banner-inner')]/section[@id='wizardSection']/div[contains(@class,'hero-banner-box siteId-3 cf hideClassicDcol')]/div[@id='wizard-tabs']/div[contains(@class,'tabs-container col')]/section[@id='section-flight-tab-hp']/form[@id='gcw-flights-form-hp-flight']/fieldset[contains(@class,'room-data')]/div[contains(@class,'cols-nested')]/div[contains(@class,'ab25184-traveler-wrapper-flight available-for-flights gcw-clear-both')]/div[@id='traveler-selector-hp-flight']/div[contains(@class,'menu-bar gcw-travel-selector-wrapper')]/ul[contains(@class,'menu-bar-inner')]/li[contains(@class,'open')]/div[contains(@class,'menu sticky gcw-menu')]/div[contains(@class,'menu-main')]/div[contains(@class,'traveler-selector-sinlge-room-data traveler-selector-room-data')]/div[contains(@class,'uitk-grid step-input-outside gcw-component gcw-component-step-input gcw-step-input gcw-component-initialized')]/div[contains(@class,'uitk-col all-col-shrink')]/button[contains(@class,'uitk-step-input-button uitk-step-input-plus')]/span[1]//*[local-name()='svg']'
2020-04-29 21:04:855 INFO  FlightsPage :89 - Clicking  on Close Button  : Proxy element for: DefaultElementLocator 'By.xpath: //li[contains(@class,'open')]//button[contains(@class,'close btn-text')]'
2020-04-29 21:04:399 INFO  FlightsPage :95 - Clicking  on Seacrch Button   : Proxy element for: DefaultElementLocator 'By.xpath: //form[@id='gcw-flights-form-hp-flight']//button[contains(@class,'btn-primary btn-action gcw-submit')]'
2020-04-29 21:04:471 INFO  FlightsResultPage :26 - Verify Destination City Message  : [[ChromeDriver: chrome on WINDOWS (f08461615259ac84f225748a8a90886f)] -> xpath: //span[@class='title-city-text']]
2020-04-29 21:04:70 INFO  BrowserSelector :20 - Launching Chrome Browser
2020-04-29 21:04:793 INFO  HomePage :33 - Clicking on Accept Tab : [[ChromeDriver: chrome on WINDOWS (bbaa71b11d0bffe37689a38454eb9b45)] -> xpath: //span[@class='button-text']]
2020-04-29 21:04:33 INFO  HomePage :51 - Clicking on Flights Tab : [[ChromeDriver: chrome on WINDOWS (bbaa71b11d0bffe37689a38454eb9b45)] -> xpath: //span[contains(text(),'Flights')]]
2020-04-29 21:04:755 INFO  FlightsPage :49 - Entering Origin City : London (LHR-Heathrow) On Flying from field [[ChromeDriver: chrome on WINDOWS (bbaa71b11d0bffe37689a38454eb9b45)] -> xpath: //input[@id='flight-origin-hp-flight']]
2020-04-29 21:04:583 INFO  FlightsPage :55 - Entering Destination City : Jaffna Internatinal Airport On Destination field [[ChromeDriver: chrome on WINDOWS (bbaa71b11d0bffe37689a38454eb9b45)] -> xpath: //input[@id='flight-origin-hp-flight']]
2020-04-29 21:04:946 INFO  FlightsPage :62 - Entering Departure date : 06/11/2020 Departing Date [[ChromeDriver: chrome on WINDOWS (bbaa71b11d0bffe37689a38454eb9b45)] -> xpath: //input[@id='flight-departing-hp-flight']]
2020-04-29 21:04:548 INFO  FlightsPage :73 - Entering Returning date : 21/11/2020 Returning Date [[ChromeDriver: chrome on WINDOWS (bbaa71b11d0bffe37689a38454eb9b45)] -> xpath: //input[@id='flight-returning-hp-flight']]
2020-04-29 21:04:831 INFO  FlightsPage :80 - Clicking  on Travellers Button : [[ChromeDriver: chrome on WINDOWS (bbaa71b11d0bffe37689a38454eb9b45)] -> xpath: //div[@class='menu-bar gcw-travel-selector-wrapper']//button[@class='trigger-utility menu-trigger btn-utility btn-secondary dropdown-toggle theme-standard pin-left menu-arrow gcw-component gcw-traveler-amount-select gcw-component-initialized']]
2020-04-29 21:04:108 INFO  FlightsPage :88 - Clicking  on No of Adults Button  : Proxy element for: DefaultElementLocator 'By.xpath: //body[contains(@class,'')]/meso-native-marquee/section[@id='WizardHero']/div[@id='hero-banner']/div[contains(@class,'hero-banner-gradient native-marquee')]/div[contains(@class,'cols-row hero-banner-inner')]/section[@id='wizardSection']/div[contains(@class,'hero-banner-box siteId-3 cf hideClassicDcol')]/div[@id='wizard-tabs']/div[contains(@class,'tabs-container col')]/section[@id='section-flight-tab-hp']/form[@id='gcw-flights-form-hp-flight']/fieldset[contains(@class,'room-data')]/div[contains(@class,'cols-nested')]/div[contains(@class,'ab25184-traveler-wrapper-flight available-for-flights gcw-clear-both')]/div[@id='traveler-selector-hp-flight']/div[contains(@class,'menu-bar gcw-travel-selector-wrapper')]/ul[contains(@class,'menu-bar-inner')]/li[contains(@class,'open')]/div[contains(@class,'menu sticky gcw-menu')]/div[contains(@class,'menu-main')]/div[contains(@class,'traveler-selector-sinlge-room-data traveler-selector-room-data')]/div[contains(@class,'uitk-grid step-input-outside gcw-component gcw-component-step-input gcw-step-input gcw-component-initialized')]/div[contains(@class,'uitk-col all-col-shrink')]/button[contains(@class,'uitk-step-input-button uitk-step-input-plus')]/span[1]//*[local-name()='svg']'
2020-04-29 21:04:122 INFO  FlightsPage :89 - Clicking  on Close Button  : Proxy element for: DefaultElementLocator 'By.xpath: //li[contains(@class,'open')]//button[contains(@class,'close btn-text')]'
2020-04-29 21:04:137 INFO  FlightsPage :95 - Clicking  on Seacrch Button   : Proxy element for: DefaultElementLocator 'By.xpath: //form[@id='gcw-flights-form-hp-flight']//button[contains(@class,'btn-primary btn-action gcw-submit')]'
2020-04-29 21:04:204 INFO  FlightsResultPage :32 - Verify Error Message  : Proxy element for: DefaultElementLocator 'By.xpath: //div[@class='bold announce-able']'
2020-04-29 21:04:509 INFO  BrowserSelector :20 - Launching Chrome Browser
2020-04-29 21:04:932 INFO  HomePage :33 - Clicking on Accept Tab : [[ChromeDriver: chrome on WINDOWS (af310dd77a5b67c7e128ef227fc5ed4d)] -> xpath: //span[@class='button-text']]
2020-04-29 21:04:314 INFO  HomePage :39 - Clicking on Account Tab : [[ChromeDriver: chrome on WINDOWS (af310dd77a5b67c7e128ef227fc5ed4d)] -> xpath: //button[@id='header-account-menu']]
2020-04-29 21:04:682 INFO  HomePage :45 - Clicking on Sign In Tab : [[ChromeDriver: chrome on WINDOWS (af310dd77a5b67c7e128ef227fc5ed4d)] -> xpath: //button[@id='header-account-signin-button']]
2020-04-29 21:04:317 INFO  BrowserSelector :20 - Launching Chrome Browser
2020-04-29 21:04:541 INFO  HomePage :33 - Clicking on Accept Tab : [[ChromeDriver: chrome on WINDOWS (9d4eba02e8659ba3e06a819b15022e90)] -> xpath: //span[@class='button-text']]
2020-04-29 21:04:681 INFO  HomePage :39 - Clicking on Account Tab : [[ChromeDriver: chrome on WINDOWS (9d4eba02e8659ba3e06a819b15022e90)] -> xpath: //button[@id='header-account-menu']]
2020-04-29 21:04:191 INFO  HomePage :45 - Clicking on Sign In Tab : [[ChromeDriver: chrome on WINDOWS (9d4eba02e8659ba3e06a819b15022e90)] -> xpath: //button[@id='header-account-signin-button']]
2020-04-29 21:04:557 INFO  BrowserSelector :20 - Launching Chrome Browser
2020-04-29 21:04:824 INFO  HomePage :33 - Clicking on Accept Tab : [[ChromeDriver: chrome on WINDOWS (9bde18f85dd59a1b5d767bbf48d8de5a)] -> xpath: //span[@class='button-text']]
2020-04-29 21:04:232 INFO  HomePage :51 - Clicking on Flights Tab : [[ChromeDriver: chrome on WINDOWS (9bde18f85dd59a1b5d767bbf48d8de5a)] -> xpath: //span[contains(text(),'Flights')]]
2020-04-29 21:04:224 INFO  FlightsPage :49 - Entering Origin City : London (LHR-Heathrow) On Flying from field [[ChromeDriver: chrome on WINDOWS (9bde18f85dd59a1b5d767bbf48d8de5a)] -> xpath: //input[@id='flight-origin-hp-flight']]
2020-04-29 21:04:360 INFO  FlightsPage :55 - Entering Destination City : Colombo (CMB-Bandaranaike Intl.) On Destination field [[ChromeDriver: chrome on WINDOWS (9bde18f85dd59a1b5d767bbf48d8de5a)] -> xpath: //input[@id='flight-origin-hp-flight']]
2020-04-29 21:04:822 INFO  FlightsPage :62 - Entering Departure date : 05/05/2020 Departing Date [[ChromeDriver: chrome on WINDOWS (9bde18f85dd59a1b5d767bbf48d8de5a)] -> xpath: //input[@id='flight-departing-hp-flight']]
2020-04-29 21:04:531 INFO  FlightsPage :73 - Entering Returning date : 12/05/2020 Returning Date [[ChromeDriver: chrome on WINDOWS (9bde18f85dd59a1b5d767bbf48d8de5a)] -> xpath: //input[@id='flight-returning-hp-flight']]
2020-04-29 21:04:808 INFO  FlightsPage :80 - Clicking  on Travellers Button : [[ChromeDriver: chrome on WINDOWS (9bde18f85dd59a1b5d767bbf48d8de5a)] -> xpath: //div[@class='menu-bar gcw-travel-selector-wrapper']//button[@class='trigger-utility menu-trigger btn-utility btn-secondary dropdown-toggle theme-standard pin-left menu-arrow gcw-component gcw-traveler-amount-select gcw-component-initialized']]
2020-04-29 21:04:280 INFO  FlightsPage :88 - Clicking  on No of Adults Button  : Proxy element for: DefaultElementLocator 'By.xpath: //body[contains(@class,'')]/meso-native-marquee/section[@id='WizardHero']/div[@id='hero-banner']/div[contains(@class,'hero-banner-gradient native-marquee')]/div[contains(@class,'cols-row hero-banner-inner')]/section[@id='wizardSection']/div[contains(@class,'hero-banner-box siteId-3 cf hideClassicDcol')]/div[@id='wizard-tabs']/div[contains(@class,'tabs-container col')]/section[@id='section-flight-tab-hp']/form[@id='gcw-flights-form-hp-flight']/fieldset[contains(@class,'room-data')]/div[contains(@class,'cols-nested')]/div[contains(@class,'ab25184-traveler-wrapper-flight available-for-flights gcw-clear-both')]/div[@id='traveler-selector-hp-flight']/div[contains(@class,'menu-bar gcw-travel-selector-wrapper')]/ul[contains(@class,'menu-bar-inner')]/li[contains(@class,'open')]/div[contains(@class,'menu sticky gcw-menu')]/div[contains(@class,'menu-main')]/div[contains(@class,'traveler-selector-sinlge-room-data traveler-selector-room-data')]/div[contains(@class,'uitk-grid step-input-outside gcw-component gcw-component-step-input gcw-step-input gcw-component-initialized')]/div[contains(@class,'uitk-col all-col-shrink')]/button[contains(@class,'uitk-step-input-button uitk-step-input-plus')]/span[1]//*[local-name()='svg']'
2020-04-29 21:04:291 INFO  FlightsPage :89 - Clicking  on Close Button  : Proxy element for: DefaultElementLocator 'By.xpath: //li[contains(@class,'open')]//button[contains(@class,'close btn-text')]'
2020-04-29 21:04:682 INFO  FlightsPage :95 - Clicking  on Seacrch Button   : Proxy element for: DefaultElementLocator 'By.xpath: //form[@id='gcw-flights-form-hp-flight']//button[contains(@class,'btn-primary btn-action gcw-submit')]'
2020-04-29 21:04:884 INFO  FlightsResultPage :26 - Verify Destination City Message  : [[ChromeDriver: chrome on WINDOWS (9bde18f85dd59a1b5d767bbf48d8de5a)] -> xpath: //span[@class='title-city-text']]
2020-04-29 21:04:929 INFO  BrowserSelector :20 - Launching Chrome Browser
2020-04-29 21:04:461 INFO  HomePage :33 - Clicking on Accept Tab : [[ChromeDriver: chrome on WINDOWS (35a6b66196e322826abc4dcc33753d3b)] -> xpath: //span[@class='button-text']]
2020-04-29 21:04:750 INFO  HomePage :51 - Clicking on Flights Tab : [[ChromeDriver: chrome on WINDOWS (35a6b66196e322826abc4dcc33753d3b)] -> xpath: //span[contains(text(),'Flights')]]
2020-04-29 21:04:212 INFO  FlightsPage :49 - Entering Origin City : Colombo (CMB-Bandaranaike Intl.) On Flying from field [[ChromeDriver: chrome on WINDOWS (35a6b66196e322826abc4dcc33753d3b)] -> xpath: //input[@id='flight-origin-hp-flight']]
2020-04-29 21:04:176 INFO  FlightsPage :55 - Entering Destination City : London (LHR-Heathrow) On Destination field [[ChromeDriver: chrome on WINDOWS (35a6b66196e322826abc4dcc33753d3b)] -> xpath: //input[@id='flight-origin-hp-flight']]
2020-04-29 21:04:761 INFO  FlightsPage :62 - Entering Departure date : 03/06/2020 Departing Date [[ChromeDriver: chrome on WINDOWS (35a6b66196e322826abc4dcc33753d3b)] -> xpath: //input[@id='flight-departing-hp-flight']]
2020-04-29 21:04:399 INFO  FlightsPage :73 - Entering Returning date : 12/06/2020 Returning Date [[ChromeDriver: chrome on WINDOWS (35a6b66196e322826abc4dcc33753d3b)] -> xpath: //input[@id='flight-returning-hp-flight']]
2020-04-29 21:04:626 INFO  FlightsPage :80 - Clicking  on Travellers Button : [[ChromeDriver: chrome on WINDOWS (35a6b66196e322826abc4dcc33753d3b)] -> xpath: //div[@class='menu-bar gcw-travel-selector-wrapper']//button[@class='trigger-utility menu-trigger btn-utility btn-secondary dropdown-toggle theme-standard pin-left menu-arrow gcw-component gcw-traveler-amount-select gcw-component-initialized']]
2020-04-29 21:04:960 INFO  FlightsPage :88 - Clicking  on No of Adults Button  : Proxy element for: DefaultElementLocator 'By.xpath: //body[contains(@class,'')]/meso-native-marquee/section[@id='WizardHero']/div[@id='hero-banner']/div[contains(@class,'hero-banner-gradient native-marquee')]/div[contains(@class,'cols-row hero-banner-inner')]/section[@id='wizardSection']/div[contains(@class,'hero-banner-box siteId-3 cf hideClassicDcol')]/div[@id='wizard-tabs']/div[contains(@class,'tabs-container col')]/section[@id='section-flight-tab-hp']/form[@id='gcw-flights-form-hp-flight']/fieldset[contains(@class,'room-data')]/div[contains(@class,'cols-nested')]/div[contains(@class,'ab25184-traveler-wrapper-flight available-for-flights gcw-clear-both')]/div[@id='traveler-selector-hp-flight']/div[contains(@class,'menu-bar gcw-travel-selector-wrapper')]/ul[contains(@class,'menu-bar-inner')]/li[contains(@class,'open')]/div[contains(@class,'menu sticky gcw-menu')]/div[contains(@class,'menu-main')]/div[contains(@class,'traveler-selector-sinlge-room-data traveler-selector-room-data')]/div[contains(@class,'uitk-grid step-input-outside gcw-component gcw-component-step-input gcw-step-input gcw-component-initialized')]/div[contains(@class,'uitk-col all-col-shrink')]/button[contains(@class,'uitk-step-input-button uitk-step-input-plus')]/span[1]//*[local-name()='svg']'
2020-04-29 21:04:17 INFO  FlightsPage :89 - Clicking  on Close Button  : Proxy element for: DefaultElementLocator 'By.xpath: //li[contains(@class,'open')]//button[contains(@class,'close btn-text')]'
2020-04-29 21:04:596 INFO  FlightsPage :95 - Clicking  on Seacrch Button   : Proxy element for: DefaultElementLocator 'By.xpath: //form[@id='gcw-flights-form-hp-flight']//button[contains(@class,'btn-primary btn-action gcw-submit')]'
2020-04-29 21:04:689 INFO  FlightsResultPage :26 - Verify Destination City Message  : [[ChromeDriver: chrome on WINDOWS (35a6b66196e322826abc4dcc33753d3b)] -> xpath: //span[@class='title-city-text']]
2020-04-29 21:04:262 INFO  BrowserSelector :20 - Launching Chrome Browser
2020-04-29 21:04:834 INFO  HomePage :33 - Clicking on Accept Tab : [[ChromeDriver: chrome on WINDOWS (31550491b02c6466155a0f13827a2fb5)] -> xpath: //span[@class='button-text']]
2020-04-29 21:04:101 INFO  HomePage :51 - Clicking on Flights Tab : [[ChromeDriver: chrome on WINDOWS (31550491b02c6466155a0f13827a2fb5)] -> xpath: //span[contains(text(),'Flights')]]
2020-04-29 21:04:614 INFO  FlightsPage :49 - Entering Origin City : Toronto, ON (YTZ-Billy Bishop Toronto City) On Flying from field [[ChromeDriver: chrome on WINDOWS (31550491b02c6466155a0f13827a2fb5)] -> xpath: //input[@id='flight-origin-hp-flight']]
2020-04-29 21:04:622 INFO  FlightsPage :55 - Entering Destination City : London (LHR-Heathrow) On Destination field [[ChromeDriver: chrome on WINDOWS (31550491b02c6466155a0f13827a2fb5)] -> xpath: //input[@id='flight-origin-hp-flight']]
2020-04-29 21:04:227 INFO  FlightsPage :62 - Entering Departure date : 02/09/2020 Departing Date [[ChromeDriver: chrome on WINDOWS (31550491b02c6466155a0f13827a2fb5)] -> xpath: //input[@id='flight-departing-hp-flight']]
2020-04-29 21:04:281 INFO  FlightsPage :73 - Entering Returning date : 22/09/2020 Returning Date [[ChromeDriver: chrome on WINDOWS (31550491b02c6466155a0f13827a2fb5)] -> xpath: //input[@id='flight-returning-hp-flight']]
2020-04-29 21:04:587 INFO  FlightsPage :80 - Clicking  on Travellers Button : [[ChromeDriver: chrome on WINDOWS (31550491b02c6466155a0f13827a2fb5)] -> xpath: //div[@class='menu-bar gcw-travel-selector-wrapper']//button[@class='trigger-utility menu-trigger btn-utility btn-secondary dropdown-toggle theme-standard pin-left menu-arrow gcw-component gcw-traveler-amount-select gcw-component-initialized']]
2020-04-29 21:04:960 INFO  FlightsPage :88 - Clicking  on No of Adults Button  : Proxy element for: DefaultElementLocator 'By.xpath: //body[contains(@class,'')]/meso-native-marquee/section[@id='WizardHero']/div[@id='hero-banner']/div[contains(@class,'hero-banner-gradient native-marquee')]/div[contains(@class,'cols-row hero-banner-inner')]/section[@id='wizardSection']/div[contains(@class,'hero-banner-box siteId-3 cf hideClassicDcol')]/div[@id='wizard-tabs']/div[contains(@class,'tabs-container col')]/section[@id='section-flight-tab-hp']/form[@id='gcw-flights-form-hp-flight']/fieldset[contains(@class,'room-data')]/div[contains(@class,'cols-nested')]/div[contains(@class,'ab25184-traveler-wrapper-flight available-for-flights gcw-clear-both')]/div[@id='traveler-selector-hp-flight']/div[contains(@class,'menu-bar gcw-travel-selector-wrapper')]/ul[contains(@class,'menu-bar-inner')]/li[contains(@class,'open')]/div[contains(@class,'menu sticky gcw-menu')]/div[contains(@class,'menu-main')]/div[contains(@class,'traveler-selector-sinlge-room-data traveler-selector-room-data')]/div[contains(@class,'uitk-grid step-input-outside gcw-component gcw-component-step-input gcw-step-input gcw-component-initialized')]/div[contains(@class,'uitk-col all-col-shrink')]/button[contains(@class,'uitk-step-input-button uitk-step-input-plus')]/span[1]//*[local-name()='svg']'
2020-04-29 21:04:983 INFO  FlightsPage :89 - Clicking  on Close Button  : Proxy element for: DefaultElementLocator 'By.xpath: //li[contains(@class,'open')]//button[contains(@class,'close btn-text')]'
2020-04-29 21:04:741 INFO  FlightsPage :95 - Clicking  on Seacrch Button   : Proxy element for: DefaultElementLocator 'By.xpath: //form[@id='gcw-flights-form-hp-flight']//button[contains(@class,'btn-primary btn-action gcw-submit')]'
2020-04-29 21:04:133 INFO  FlightsResultPage :26 - Verify Destination City Message  : [[ChromeDriver: chrome on WINDOWS (31550491b02c6466155a0f13827a2fb5)] -> xpath: //span[@class='title-city-text']]
2020-04-29 21:04:949 INFO  BrowserSelector :20 - Launching Chrome Browser
2020-04-29 21:04:757 INFO  HomePage :33 - Clicking on Accept Tab : [[ChromeDriver: chrome on WINDOWS (4f0b648d051e7e13b9cd4ffc17b5c171)] -> xpath: //span[@class='button-text']]
2020-04-29 21:04:986 INFO  HomePage :51 - Clicking on Flights Tab : [[ChromeDriver: chrome on WINDOWS (4f0b648d051e7e13b9cd4ffc17b5c171)] -> xpath: //span[contains(text(),'Flights')]]
2020-04-29 21:04:91 INFO  FlightsPage :49 - Entering Origin City : London (LHR-Heathrow) On Flying from field [[ChromeDriver: chrome on WINDOWS (4f0b648d051e7e13b9cd4ffc17b5c171)] -> xpath: //input[@id='flight-origin-hp-flight']]
2020-04-29 21:04:202 INFO  FlightsPage :55 - Entering Destination City : Jaffna Internatinal Airport On Destination field [[ChromeDriver: chrome on WINDOWS (4f0b648d051e7e13b9cd4ffc17b5c171)] -> xpath: //input[@id='flight-origin-hp-flight']]
2020-04-29 21:04:876 INFO  FlightsPage :62 - Entering Departure date : 06/11/2020 Departing Date [[ChromeDriver: chrome on WINDOWS (4f0b648d051e7e13b9cd4ffc17b5c171)] -> xpath: //input[@id='flight-departing-hp-flight']]
2020-04-29 21:04:756 INFO  FlightsPage :73 - Entering Returning date : 21/11/2020 Returning Date [[ChromeDriver: chrome on WINDOWS (4f0b648d051e7e13b9cd4ffc17b5c171)] -> xpath: //input[@id='flight-returning-hp-flight']]
2020-04-29 21:04:998 INFO  FlightsPage :80 - Clicking  on Travellers Button : [[ChromeDriver: chrome on WINDOWS (4f0b648d051e7e13b9cd4ffc17b5c171)] -> xpath: //div[@class='menu-bar gcw-travel-selector-wrapper']//button[@class='trigger-utility menu-trigger btn-utility btn-secondary dropdown-toggle theme-standard pin-left menu-arrow gcw-component gcw-traveler-amount-select gcw-component-initialized']]
2020-04-29 21:04:349 INFO  FlightsPage :88 - Clicking  on No of Adults Button  : Proxy element for: DefaultElementLocator 'By.xpath: //body[contains(@class,'')]/meso-native-marquee/section[@id='WizardHero']/div[@id='hero-banner']/div[contains(@class,'hero-banner-gradient native-marquee')]/div[contains(@class,'cols-row hero-banner-inner')]/section[@id='wizardSection']/div[contains(@class,'hero-banner-box siteId-3 cf hideClassicDcol')]/div[@id='wizard-tabs']/div[contains(@class,'tabs-container col')]/section[@id='section-flight-tab-hp']/form[@id='gcw-flights-form-hp-flight']/fieldset[contains(@class,'room-data')]/div[contains(@class,'cols-nested')]/div[contains(@class,'ab25184-traveler-wrapper-flight available-for-flights gcw-clear-both')]/div[@id='traveler-selector-hp-flight']/div[contains(@class,'menu-bar gcw-travel-selector-wrapper')]/ul[contains(@class,'menu-bar-inner')]/li[contains(@class,'open')]/div[contains(@class,'menu sticky gcw-menu')]/div[contains(@class,'menu-main')]/div[contains(@class,'traveler-selector-sinlge-room-data traveler-selector-room-data')]/div[contains(@class,'uitk-grid step-input-outside gcw-component gcw-component-step-input gcw-step-input gcw-component-initialized')]/div[contains(@class,'uitk-col all-col-shrink')]/button[contains(@class,'uitk-step-input-button uitk-step-input-plus')]/span[1]//*[local-name()='svg']'
2020-04-29 21:04:374 INFO  FlightsPage :89 - Clicking  on Close Button  : Proxy element for: DefaultElementLocator 'By.xpath: //li[contains(@class,'open')]//button[contains(@class,'close btn-text')]'
2020-04-29 21:04:275 INFO  FlightsPage :95 - Clicking  on Seacrch Button   : Proxy element for: DefaultElementLocator 'By.xpath: //form[@id='gcw-flights-form-hp-flight']//button[contains(@class,'btn-primary btn-action gcw-submit')]'
2020-04-29 21:04:386 INFO  FlightsResultPage :32 - Verify Error Message  : Proxy element for: DefaultElementLocator 'By.xpath: //div[contains(text(),'Important: This destination may have COVID-19 trav')]'
2020-04-29 21:04:867 INFO  BrowserSelector :20 - Launching Chrome Browser
2020-04-29 21:04:09 INFO  HomePage :33 - Clicking on Accept Tab : [[ChromeDriver: chrome on WINDOWS (8681e0923fa180a003dc91e380ab3fb8)] -> xpath: //span[@class='button-text']]
2020-04-29 21:04:169 INFO  HomePage :39 - Clicking on Account Tab : [[ChromeDriver: chrome on WINDOWS (8681e0923fa180a003dc91e380ab3fb8)] -> xpath: //button[@id='header-account-menu']]
2020-04-29 21:04:535 INFO  HomePage :45 - Clicking on Sign In Tab : [[ChromeDriver: chrome on WINDOWS (8681e0923fa180a003dc91e380ab3fb8)] -> xpath: //button[@id='header-account-signin-button']]
2020-04-29 21:04:171 INFO  SignInPage :41 - Entering Email Id : lameethev2@gmail.com [[ChromeDriver: chrome on WINDOWS (8681e0923fa180a003dc91e380ab3fb8)] -> id: gss-signin-email]
2020-04-29 21:04:144 INFO  SignInPage :48 - Entering Password  : lamee@1988 [[ChromeDriver: chrome on WINDOWS (8681e0923fa180a003dc91e380ab3fb8)] -> id: gss-signin-password]
2020-04-29 21:04:486 INFO  SignInPage :54 - Clicking on Sign In Button  : [[ChromeDriver: chrome on WINDOWS (8681e0923fa180a003dc91e380ab3fb8)] -> id: gss-signin-submit]
2020-04-29 21:04:657 INFO  SignInPage :59 - Verify My List Tab Message  : My Lists [[ChromeDriver: chrome on WINDOWS (8681e0923fa180a003dc91e380ab3fb8)] -> xpath: //span[@class='sp-name']]
2020-04-29 21:04:244 INFO  BrowserSelector :20 - Launching Chrome Browser
2020-04-29 21:04:998 INFO  HomePage :33 - Clicking on Accept Tab : [[ChromeDriver: chrome on WINDOWS (55da6601e107327f64e8eb864c998b0a)] -> xpath: //span[@class='button-text']]
2020-04-29 21:04:147 INFO  HomePage :39 - Clicking on Account Tab : [[ChromeDriver: chrome on WINDOWS (55da6601e107327f64e8eb864c998b0a)] -> xpath: //button[@id='header-account-menu']]
2020-04-29 21:04:279 INFO  HomePage :45 - Clicking on Sign In Tab : [[ChromeDriver: chrome on WINDOWS (55da6601e107327f64e8eb864c998b0a)] -> xpath: //button[@id='header-account-signin-button']]
